<?xml version="1.0" encoding="UTF-8"?>
<testng-results ignored="0" total="1" passed="1" failed="0" skipped="0">
  <reporter-output>
  </reporter-output>
  <suite started-at="2024-10-22T19:29:27 IST" name="Default suite" finished-at="2024-10-22T19:29:27 IST" duration-ms="116">
    <groups>
    </groups>
    <test started-at="2024-10-22T19:29:27 IST" name="Default test" finished-at="2024-10-22T19:29:27 IST" duration-ms="116">
      <class name="Demo">
        <test-method signature="helloWorld()[pri:0, instance:Demo@b62d79]" started-at="2024-10-22T19:29:27 IST" name="helloWorld" finished-at="2024-10-22T19:29:27 IST" duration-ms="27" status="PASS">
          <reporter-output>
          </reporter-output>
        </test-method> <!-- helloWorld -->
      </class> <!-- Demo -->
    </test> <!-- Default test -->
  </suite> <!-- Default suite -->
</testng-results>
